# JRE version: Java(TM) SE Runtime Environment (17.0.12+8) (build 17.0.12+8-LTS-286)
# Java VM: Java HotSpot(TM) 64-Bit Server VM (17.0.12+8-LTS-286, mixed mode, sharing, tiered, compressed oops, compressed class ptrs, g1 gc, windows-amd64)
GC Precious Log:
 CPUs: 12 total, 12 available
 Memory: 7521M
 Large Page Support: Disabled
 NUMA Support: Disabled
 Compressed Oops: Enabled (32-bit)
 Heap Region Size: 1M
 Heap Min Capacity: 8M
 Heap Initial Capacity: 118M
 Heap Max Capacity: 2G
 Pre-touch: Disabled
 Parallel Workers: 10
 Concurrent Workers: 3
 Concurrent Refinement Workers: 10
 Periodic GC: Disabled
Heap:
 garbage-first heap   total 363520K, used 223256K [0x0000000080000000, 0x0000000100000000)
  region size 1024K, 62 young (63488K), 3 survivors (3072K)
 Metaspace       used 124968K, committed 125952K, reserved 1179648K
  class space    used 17993K, committed 18432K, reserved 1048576K
GC Heap History (20 events):
Event: 43.357 GC heap before
{Heap before GC invocations=56 (full 0):
 garbage-first heap   total 229376K, used 186023K [0x0000000080000000, 0x0000000100000000)
  region size 1024K, 60 young (61440K), 5 survivors (5120K)
 Metaspace       used 101791K, committed 102720K, reserved 1179648K
  class space    used 13761K, committed 14208K, reserved 1048576K
}
Event: 43.418 GC heap after
{Heap after GC invocations=57 (full 0):
 garbage-first heap   total 229376K, used 137329K [0x0000000080000000, 0x0000000100000000)
  region size 1024K, 8 young (8192K), 8 survivors (8192K)
 Metaspace       used 101791K, committed 102720K, reserved 1179648K
  class space    used 13761K, committed 14208K, reserved 1048576K
}
Event: 47.074 GC heap before
{Heap before GC invocations=57 (full 0):
 garbage-first heap   total 229376K, used 186481K [0x0000000080000000, 0x0000000100000000)
  region size 1024K, 55 young (56320K), 8 survivors (8192K)
 Metaspace       used 103760K, committed 104640K, reserved 1179648K
  class space    used 14084K, committed 14528K, reserved 1048576K
}
Event: 47.107 GC heap after
{Heap after GC invocations=58 (full 0):
 garbage-first heap   total 275456K, used 141707K [0x0000000080000000, 0x0000000100000000)
  region size 1024K, 5 young (5120K), 5 survivors (5120K)
 Metaspace       used 103760K, committed 104640K, reserved 1179648K
  class space    used 14084K, committed 14528K, reserved 1048576K
}
Event: 48.761 GC heap before
{Heap before GC invocations=58 (full 0):
 garbage-first heap   total 275456K, used 212363K [0x0000000080000000, 0x0000000100000000)
  region size 1024K, 75 young (76800K), 5 survivors (5120K)
 Metaspace       used 110004K, committed 110912K, reserved 1179648K
  class space    used 15221K, committed 15616K, reserved 1048576K
}
Event: 48.779 GC heap after
{Heap after GC invocations=59 (full 0):
 garbage-first heap   total 275456K, used 151552K [0x0000000080000000, 0x0000000100000000)
  region size 1024K, 10 young (10240K), 10 survivors (10240K)
 Metaspace       used 110004K, committed 110912K, reserved 1179648K
  class space    used 15221K, committed 15616K, reserved 1048576K
}
Event: 49.554 GC heap before
{Heap before GC invocations=59 (full 0):
 garbage-first heap   total 275456K, used 217088K [0x0000000080000000, 0x0000000100000000)
  region size 1024K, 75 young (76800K), 10 survivors (10240K)
 Metaspace       used 116459K, committed 117376K, reserved 1179648K
  class space    used 16597K, committed 17024K, reserved 1048576K
}
Event: 49.594 GC heap after
{Heap after GC invocations=60 (full 0):
 garbage-first heap   total 275456K, used 158197K [0x0000000080000000, 0x0000000100000000)
  region size 1024K, 7 young (7168K), 7 survivors (7168K)
 Metaspace       used 116459K, committed 117376K, reserved 1179648K
  class space    used 16597K, committed 17024K, reserved 1048576K
}
Event: 50.123 GC heap before
{Heap before GC invocations=60 (full 0):
 garbage-first heap   total 275456K, used 220661K [0x0000000080000000, 0x0000000100000000)
  region size 1024K, 69 young (70656K), 7 survivors (7168K)
 Metaspace       used 120653K, committed 121664K, reserved 1179648K
  class space    used 17402K, committed 17856K, reserved 1048576K
}
Event: 50.140 GC heap after
{Heap after GC invocations=61 (full 0):
 garbage-first heap   total 275456K, used 162732K [0x0000000080000000, 0x0000000100000000)
  region size 1024K, 5 young (5120K), 5 survivors (5120K)
 Metaspace       used 120653K, committed 121664K, reserved 1179648K
  class space    used 17402K, committed 17856K, reserved 1048576K
}
Event: 50.452 GC heap before
{Heap before GC invocations=61 (full 0):
 garbage-first heap   total 275456K, used 224172K [0x0000000080000000, 0x0000000100000000)
  region size 1024K, 66 young (67584K), 5 survivors (5120K)
 Metaspace       used 122200K, committed 123200K, reserved 1179648K
  class space    used 17656K, committed 18112K, reserved 1048576K
}
Event: 50.458 GC heap after
{Heap after GC invocations=62 (full 0):
 garbage-first heap   total 275456K, used 162643K [0x0000000080000000, 0x0000000100000000)
  region size 1024K, 5 young (5120K), 5 survivors (5120K)
 Metaspace       used 122200K, committed 123200K, reserved 1179648K
  class space    used 17656K, committed 18112K, reserved 1048576K
}
Event: 50.698 GC heap before
{Heap before GC invocations=62 (full 0):
 garbage-first heap   total 275456K, used 227155K [0x0000000080000000, 0x0000000100000000)
  region size 1024K, 69 young (70656K), 5 survivors (5120K)
 Metaspace       used 123444K, committed 124480K, reserved 1179648K
  class space    used 17873K, committed 18368K, reserved 1048576K
}
Event: 50.703 GC heap after
{Heap after GC invocations=63 (full 0):
 garbage-first heap   total 275456K, used 166646K [0x0000000080000000, 0x0000000100000000)
  region size 1024K, 9 young (9216K), 9 survivors (9216K)
 Metaspace       used 123444K, committed 124480K, reserved 1179648K
  class space    used 17873K, committed 18368K, reserved 1048576K
}
Event: 50.908 GC heap before
{Heap before GC invocations=63 (full 0):
 garbage-first heap   total 275456K, used 230134K [0x0000000080000000, 0x0000000100000000)
  region size 1024K, 71 young (72704K), 9 survivors (9216K)
 Metaspace       used 124079K, committed 125056K, reserved 1179648K
  class space    used 17967K, committed 18432K, reserved 1048576K
}
Event: 50.925 GC heap after
{Heap after GC invocations=64 (full 0):
 garbage-first heap   total 275456K, used 166275K [0x0000000080000000, 0x0000000100000000)
  region size 1024K, 4 young (4096K), 4 survivors (4096K)
 Metaspace       used 124079K, committed 125056K, reserved 1179648K
  class space    used 17967K, committed 18432K, reserved 1048576K
}
Event: 51.176 GC heap before
{Heap before GC invocations=64 (full 0):
 garbage-first heap   total 275456K, used 230787K [0x0000000080000000, 0x0000000100000000)
  region size 1024K, 68 young (69632K), 4 survivors (4096K)
 Metaspace       used 124427K, committed 125376K, reserved 1179648K
  class space    used 17979K, committed 18432K, reserved 1048576K
}
Event: 51.182 GC heap after
{Heap after GC invocations=65 (full 0):
 garbage-first heap   total 363520K, used 165327K [0x0000000080000000, 0x0000000100000000)
  region size 1024K, 3 young (3072K), 3 survivors (3072K)
 Metaspace       used 124427K, committed 125376K, reserved 1179648K
  class space    used 17979K, committed 18432K, reserved 1048576K
}
Event: 51.760 GC heap before
{Heap before GC invocations=65 (full 0):
 garbage-first heap   total 363520K, used 298447K [0x0000000080000000, 0x0000000100000000)
  region size 1024K, 133 young (136192K), 3 survivors (3072K)
 Metaspace       used 124725K, committed 125760K, reserved 1179648K
  class space    used 17985K, committed 18432K, reserved 1048576K
}
Event: 51.763 GC heap after
{Heap after GC invocations=66 (full 0):
 garbage-first heap   total 363520K, used 163864K [0x0000000080000000, 0x0000000100000000)
  region size 1024K, 3 young (3072K), 3 survivors (3072K)
 Metaspace       used 124725K, committed 125760K, reserved 1179648K
  class space    used 17985K, committed 18432K, reserved 1048576K
}

